# JRE version: Java(TM) SE Runtime Environment (8.0_221-b11) (build 1.8.0_221-b11)
# Java VM: Java HotSpot(TM) 64-Bit Server VM (25.221-b11 mixed mode windows-amd64 compressed oops)
Heap:
 PSYoungGen      total 160256K, used 21368K [0x00000000d5d00000, 0x00000000e2b00000, 0x0000000100000000)
  eden space 145920K, 7% used [0x00000000d5d00000,0x00000000d6750098,0x00000000deb80000)
  from space 14336K, 75% used [0x00000000deb80000,0x00000000df60e120,0x00000000df980000)
  to   space 14848K, 0% used [0x00000000e1c80000,0x00000000e1c80000,0x00000000e2b00000)
 ParOldGen       total 103424K, used 21850K [0x0000000081600000, 0x0000000087b00000, 0x00000000d5d00000)
  object space 103424K, 21% used [0x0000000081600000,0x0000000082b56b10,0x0000000087b00000)
 Metaspace       used 40978K, capacity 41414K, committed 41856K, reserved 1085440K
  class space    used 5283K, capacity 5388K, committed 5504K, reserved 1048576K
GC Heap History (10 events):
Event: 5.488 GC heap before
{Heap before GC invocations=7 (full 1):
 PSYoungGen      total 71680K, used 66560K [0x00000000d5d00000, 0x00000000df000000, 0x0000000100000000)
  eden space 66560K, 100% used [0x00000000d5d00000,0x00000000d9e00000,0x00000000d9e00000)
  from space 5120K, 0% used [0x00000000d9e00000,0x00000000d9e00000,0x00000000da300000)
  to   space 8704K, 0% used [0x00000000de780000,0x00000000de780000,0x00000000df000000)
 ParOldGen       total 59904K, used 7826K [0x0000000081600000, 0x0000000085080000, 0x00000000d5d00000)
  object space 59904K, 13% used [0x0000000081600000,0x0000000081da4828,0x0000000085080000)
 Metaspace       used 24845K, capacity 25182K, committed 25472K, reserved 1071104K
  class space    used 3068K, capacity 3172K, committed 3200K, reserved 1048576K
Event: 5.494 GC heap after
Heap after GC invocations=7 (full 1):
 PSYoungGen      total 104960K, used 5345K [0x00000000d5d00000, 0x00000000ded00000, 0x0000000100000000)
  eden space 99328K, 0% used [0x00000000d5d00000,0x00000000d5d00000,0x00000000dbe00000)
  from space 5632K, 94% used [0x00000000de780000,0x00000000decb8730,0x00000000ded00000)
  to   space 8704K, 0% used [0x00000000ddc00000,0x00000000ddc00000,0x00000000de480000)
 ParOldGen       total 59904K, used 7834K [0x0000000081600000, 0x0000000085080000, 0x00000000d5d00000)
  object space 59904K, 13% used [0x0000000081600000,0x0000000081da6828,0x0000000085080000)
 Metaspace       used 24845K, capacity 25182K, committed 25472K, reserved 1071104K
  class space    used 3068K, capacity 3172K, committed 3200K, reserved 1048576K
}
Event: 6.603 GC heap before
{Heap before GC invocations=8 (full 1):
 PSYoungGen      total 104960K, used 104673K [0x00000000d5d00000, 0x00000000ded00000, 0x0000000100000000)
  eden space 99328K, 100% used [0x00000000d5d00000,0x00000000dbe00000,0x00000000dbe00000)
  from space 5632K, 94% used [0x00000000de780000,0x00000000decb8730,0x00000000ded00000)
  to   space 8704K, 0% used [0x00000000ddc00000,0x00000000ddc00000,0x00000000de480000)
 ParOldGen       total 59904K, used 7834K [0x0000000081600000, 0x0000000085080000, 0x00000000d5d00000)
  object space 59904K, 13% used [0x0000000081600000,0x0000000081da6828,0x0000000085080000)
 Metaspace       used 28887K, capacity 29220K, committed 29568K, reserved 1075200K
  class space    used 3572K, capacity 3685K, committed 3712K, reserved 1048576K
Event: 6.621 GC heap after
Heap after GC invocations=8 (full 1):
 PSYoungGen      total 138752K, used 8682K [0x00000000d5d00000, 0x00000000e0480000, 0x0000000100000000)
  eden space 130048K, 0% used [0x00000000d5d00000,0x00000000d5d00000,0x00000000ddc00000)
  from space 8704K, 99% used [0x00000000ddc00000,0x00000000de47a970,0x00000000de480000)
  to   space 11264K, 0% used [0x00000000df980000,0x00000000df980000,0x00000000e0480000)
 ParOldGen       total 59904K, used 11616K [0x0000000081600000, 0x0000000085080000, 0x00000000d5d00000)
  object space 59904K, 19% used [0x0000000081600000,0x00000000821580d0,0x0000000085080000)
 Metaspace       used 28887K, capacity 29220K, committed 29568K, reserved 1075200K
  class space    used 3572K, capacity 3685K, committed 3712K, reserved 1048576K
}
Event: 7.471 GC heap before
{Heap before GC invocations=9 (full 1):
 PSYoungGen      total 138752K, used 80083K [0x00000000d5d00000, 0x00000000e0480000, 0x0000000100000000)
  eden space 130048K, 54% used [0x00000000d5d00000,0x00000000da2ba5a0,0x00000000ddc00000)
  from space 8704K, 99% used [0x00000000ddc00000,0x00000000de47a970,0x00000000de480000)
  to   space 11264K, 0% used [0x00000000df980000,0x00000000df980000,0x00000000e0480000)
 ParOldGen       total 59904K, used 11616K [0x0000000081600000, 0x0000000085080000, 0x00000000d5d00000)
  object space 59904K, 19% used [0x0000000081600000,0x00000000821580d0,0x0000000085080000)
 Metaspace       used 34852K, capacity 35236K, committed 35496K, reserved 1081344K
  class space    used 4433K, capacity 4549K, committed 4608K, reserved 1048576K
Event: 7.488 GC heap after
Heap after GC invocations=9 (full 1):
 PSYoungGen      total 157184K, used 11249K [0x00000000d5d00000, 0x00000000e3a00000, 0x0000000100000000)
  eden space 145920K, 0% used [0x00000000d5d00000,0x00000000d5d00000,0x00000000deb80000)
  from space 11264K, 99% used [0x00000000df980000,0x00000000e047c6d0,0x00000000e0480000)
  to   space 14336K, 0% used [0x00000000deb80000,0x00000000deb80000,0x00000000df980000)
 ParOldGen       total 59904K, used 15432K [0x0000000081600000, 0x0000000085080000, 0x00000000d5d00000)
  object space 59904K, 25% used [0x0000000081600000,0x0000000082512030,0x0000000085080000)
 Metaspace       used 34852K, capacity 35236K, committed 35496K, reserved 1081344K
  class space    used 4433K, capacity 4549K, committed 4608K, reserved 1048576K
}
Event: 7.488 GC heap before
{Heap before GC invocations=10 (full 2):
 PSYoungGen      total 157184K, used 11249K [0x00000000d5d00000, 0x00000000e3a00000, 0x0000000100000000)
  eden space 145920K, 0% used [0x00000000d5d00000,0x00000000d5d00000,0x00000000deb80000)
  from space 11264K, 99% used [0x00000000df980000,0x00000000e047c6d0,0x00000000e0480000)
  to   space 14336K, 0% used [0x00000000deb80000,0x00000000deb80000,0x00000000df980000)
 ParOldGen       total 59904K, used 15432K [0x0000000081600000, 0x0000000085080000, 0x00000000d5d00000)
  object space 59904K, 25% used [0x0000000081600000,0x0000000082512030,0x0000000085080000)
 Metaspace       used 34852K, capacity 35236K, committed 35496K, reserved 1081344K
  class space    used 4433K, capacity 4549K, committed 4608K, reserved 1048576K
Event: 7.593 GC heap after
Heap after GC invocations=10 (full 2):
 PSYoungGen      total 157184K, used 0K [0x00000000d5d00000, 0x00000000e3a00000, 0x0000000100000000)
  eden space 145920K, 0% used [0x00000000d5d00000,0x00000000d5d00000,0x00000000deb80000)
  from space 11264K, 0% used [0x00000000df980000,0x00000000df980000,0x00000000e0480000)
  to   space 14336K, 0% used [0x00000000deb80000,0x00000000deb80000,0x00000000df980000)
 ParOldGen       total 103424K, used 21842K [0x0000000081600000, 0x0000000087b00000, 0x00000000d5d00000)
  object space 103424K, 21% used [0x0000000081600000,0x0000000082b54b10,0x0000000087b00000)
 Metaspace       used 34852K, capacity 35236K, committed 35496K, reserved 1081344K
  class space    used 4433K, capacity 4549K, committed 4608K, reserved 1048576K
}
Event: 10.512 GC heap before
{Heap before GC invocations=11 (full 2):
 PSYoungGen      total 157184K, used 145920K [0x00000000d5d00000, 0x00000000e3a00000, 0x0000000100000000)
  eden space 145920K, 100% used [0x00000000d5d00000,0x00000000deb80000,0x00000000deb80000)
  from space 11264K, 0% used [0x00000000df980000,0x00000000df980000,0x00000000e0480000)
  to   space 14336K, 0% used [0x00000000deb80000,0x00000000deb80000,0x00000000df980000)
 ParOldGen       total 103424K, used 21842K [0x0000000081600000, 0x0000000087b00000, 0x00000000d5d00000)
  object space 103424K, 21% used [0x0000000081600000,0x0000000082b54b10,0x0000000087b00000)
 Metaspace       used 40331K, capacity 40770K, committed 41216K, reserved 1085440K
  class space    used 5198K, capacity 5322K, committed 5376K, reserved 1048576K
Event: 10.529 GC heap after
Heap after GC invocations=11 (full 2):
 PSYoungGen      total 160256K, used 10808K [0x00000000d5d00000, 0x00000000e2b00000, 0x0000000100000000)
  eden space 145920K, 0% used [0x00000000d5d00000,0x00000000d5d00000,0x00000000deb80000)
  from space 14336K, 75% used [0x00000000deb80000,0x00000000df60e120,0x00000000df980000)
  to   space 14848K, 0% used [0x00000000e1c80000,0x00000000e1c80000,0x00000000e2b00000)
 ParOldGen       total 103424K, used 21850K [0x0000000081600000, 0x0000000087b00000, 0x00000000d5d00000)
  object space 103424K, 21% used [0x0000000081600000,0x0000000082b56b10,0x0000000087b00000)
 Metaspace       used 40331K, capacity 40770K, committed 41216K, reserved 1085440K
  class space    used 5198K, capacity 5322K, committed 5376K, reserved 1048576K
}

